 [LOGGER] 2024-06-07 01:06:23.713 PM ERROR : uncaughtException: date is not defined
ReferenceError: date is not defined
    at file:///D:/belajar/gamelab/Grocery%20Delivery%20APP/src/validation/report-validation.js:4:23
    at ModuleJob.run (node:internal/modules/esm/module_job:194:25)
 [LOGGER] 2024-06-07 01:06:23.711 PM ERROR : uncaughtException: date is not defined
ReferenceError: date is not defined
    at file:///D:/belajar/gamelab/Grocery%20Delivery%20APP/src/validation/report-validation.js:4:23
    at ModuleJob.run (node:internal/modules/esm/module_job:194:25)
 [LOGGER] 2024-06-07 01:07:50.802 PM ERROR : uncaughtException: date is not defined
ReferenceError: date is not defined
    at file:///D:/belajar/gamelab/Grocery%20Delivery%20APP/src/validation/report-validation.js:4:23
    at ModuleJob.run (node:internal/modules/esm/module_job:194:25)
 [LOGGER] 2024-06-07 01:07:50.825 PM ERROR : uncaughtException: date is not defined
ReferenceError: date is not defined
    at file:///D:/belajar/gamelab/Grocery%20Delivery%20APP/src/validation/report-validation.js:4:23
    at ModuleJob.run (node:internal/modules/esm/module_job:194:25)
 [LOGGER] 2024-06-07 01:13:25.903 PM ERROR : uncaughtException: listen EADDRINUSE: address already in use :::3000
Error: listen EADDRINUSE: address already in use :::3000
    at Server.setupListenHandle [as _listen2] (node:net:1751:16)
    at listenInCluster (node:net:1799:12)
    at Server.listen (node:net:1887:7)
    at Function.listen (D:\belajar\gamelab\Grocery Delivery APP\node_modules\express\lib\application.js:635:24)
    at file:///D:/belajar/gamelab/Grocery%20Delivery%20APP/index.js:6:5
    at ModuleJob.run (node:internal/modules/esm/module_job:194:25)
 [LOGGER] 2024-06-07 01:16:43.382 PM ERROR : Error in customReport function: [object Object]
 [LOGGER] 2024-06-07 01:16:43.384 PM ERROR : Error: [object Object]
    at validate (file:///D:/belajar/gamelab/Grocery%20Delivery%20APP/src/validation/validation.js:24:15)
    at customReport (file:///D:/belajar/gamelab/Grocery%20Delivery%20APP/src/controller/report-controller.js:65:30)
    at Layer.handle [as handle_request] (D:\belajar\gamelab\Grocery Delivery APP\node_modules\express\lib\router\layer.js:95:5)
    at next (D:\belajar\gamelab\Grocery Delivery APP\node_modules\express\lib\router\route.js:149:13)
    at authentication (file:///D:/belajar/gamelab/Grocery%20Delivery%20APP/src/middleware/auth-middleware.js:15:5)
    at Layer.handle [as handle_request] (D:\belajar\gamelab\Grocery Delivery APP\node_modules\express\lib\router\layer.js:95:5)
    at next (D:\belajar\gamelab\Grocery Delivery APP\node_modules\express\lib\router\route.js:149:13)
    at Route.dispatch (D:\belajar\gamelab\Grocery Delivery APP\node_modules\express\lib\router\route.js:119:3)
    at Layer.handle [as handle_request] (D:\belajar\gamelab\Grocery Delivery APP\node_modules\express\lib\router\layer.js:95:5)
    at D:\belajar\gamelab\Grocery Delivery APP\node_modules\express\lib\router\index.js:284:15
 [LOGGER] 2024-06-07 01:18:05.561 PM ERROR : Error in customReport function: [object Object]
 [LOGGER] 2024-06-07 01:18:05.562 PM ERROR : Error: [object Object]
    at validate (file:///D:/belajar/gamelab/Grocery%20Delivery%20APP/src/validation/validation.js:24:15)
    at customReport (file:///D:/belajar/gamelab/Grocery%20Delivery%20APP/src/controller/report-controller.js:65:30)
    at Layer.handle [as handle_request] (D:\belajar\gamelab\Grocery Delivery APP\node_modules\express\lib\router\layer.js:95:5)
    at next (D:\belajar\gamelab\Grocery Delivery APP\node_modules\express\lib\router\route.js:149:13)
    at authentication (file:///D:/belajar/gamelab/Grocery%20Delivery%20APP/src/middleware/auth-middleware.js:15:5)
    at Layer.handle [as handle_request] (D:\belajar\gamelab\Grocery Delivery APP\node_modules\express\lib\router\layer.js:95:5)
    at next (D:\belajar\gamelab\Grocery Delivery APP\node_modules\express\lib\router\route.js:149:13)
    at Route.dispatch (D:\belajar\gamelab\Grocery Delivery APP\node_modules\express\lib\router\route.js:119:3)
    at Layer.handle [as handle_request] (D:\belajar\gamelab\Grocery Delivery APP\node_modules\express\lib\router\layer.js:95:5)
    at D:\belajar\gamelab\Grocery Delivery APP\node_modules\express\lib\router\index.js:284:15
